2023-10-28 00:18:48,153 [INFO] Check cuda is available or not:
2023-10-28 00:18:48,154 [INFO] Cuda is not available
2023-10-28 00:18:48,167 [INFO] previous track : ['018b52bf-a103-7dab-804f-820c9bee4e39', '018a6e92-6e9b-797c-adc5-4e74b7627243']
2023-10-28 00:18:48,169 [INFO] exception in /recommendation API
2023-10-28 00:18:48,171 [INFO] Result recommendation : ['01893ea5-8bba-7049-8653-0a273c558832', '01893ea5-8bbb-734a-a681-a525a92cbfac', '01893ea5-8bb9-7ba8-a1bc-1b378ea1fdc9']
2023-10-28 00:22:21,134 [INFO] Check cuda is available or not:
2023-10-28 00:22:21,135 [INFO] Cuda is not available
2023-10-28 00:22:21,149 [INFO] previous track : ['018b52bf-a103-7dab-804f-820c9bee4e39', '018a6e92-6e9b-797c-adc5-4e74b7627243']
2023-10-28 00:22:21,150 [INFO] previous_item_id: [119, 117]
2023-10-28 00:22:21,151 [INFO] exception in /recommendation API
2023-10-28 00:22:21,151 [INFO] Result recommendation : ['01893ea5-8bbc-7317-b4f5-013e102ed0d3', '01893ea5-8bbc-725d-b47d-a7a384ec2457', '01893ea5-8bba-78c4-b15a-fc65d0b2dc51']
2023-10-28 00:23:15,135 [INFO] Check cuda is available or not:
2023-10-28 00:23:15,137 [INFO] Cuda is not available
2023-10-28 00:23:15,152 [INFO] previous track : ['018b52bf-a103-7dab-804f-820c9bee4e39', '018a6e92-6e9b-797c-adc5-4e74b7627243']
2023-10-28 00:23:15,153 [INFO] previous_item_id: [119, 117]
2023-10-28 00:23:51,606 [INFO] Check cuda is available or not:
2023-10-28 00:23:51,607 [INFO] Cuda is not available
2023-10-28 00:23:51,620 [INFO] previous track : ['018b52bf-a103-7dab-804f-820c9bee4e39', '018a6e92-6e9b-797c-adc5-4e74b7627243']
2023-10-28 00:23:51,621 [INFO] previous_item_id: [119, 117]
2023-10-28 00:23:51,624 [INFO] Check cuda is available or not:
2023-10-28 00:23:51,624 [INFO] Cuda is not available
2023-10-28 00:24:36,140 [INFO] Check cuda is available or not:
2023-10-28 00:24:36,141 [INFO] Cuda is not available
2023-10-28 00:24:36,155 [INFO] previous track : ['018b52bf-a103-7dab-804f-820c9bee4e39', '018a6e92-6e9b-797c-adc5-4e74b7627243']
2023-10-28 00:24:36,156 [INFO] previous_item_id: [119, 117]
2023-10-28 00:24:36,158 [INFO] Check cuda is available or not:
2023-10-28 00:24:36,158 [INFO] Cuda is not available
2023-10-28 00:26:11,624 [INFO] Check cuda is available or not:
2023-10-28 00:26:11,627 [INFO] Cuda is not available
2023-10-28 00:26:11,638 [INFO] previous track : ['018b52bf-a103-7dab-804f-820c9bee4e39', '018a6e92-6e9b-797c-adc5-4e74b7627243']
2023-10-28 00:26:11,638 [INFO] previous_item_id: [[119, 117]]
2023-10-28 00:26:11,640 [INFO] Check cuda is available or not:
2023-10-28 00:26:11,640 [INFO] Cuda is not available
2023-10-28 00:26:12,113 [INFO] Result recommendation : ['01893ea5-8bba-78c4-b15a-fc65d0b2dc51', '01893ea5-8bbc-7fdc-8a51-78b5c16ad165', '01893ea5-8bba-731e-8d5c-8f89b9275279', '01893ea5-8bb9-7e77-8d6d-b032164893f7', '01893ea5-8bbc-7e80-978c-165ce12cba06', '01893ea5-8bba-724e-b28c-02ae46e68d5f', '01893ea5-8bba-7c6b-b3de-eaa0015f1a4f', '01893ea5-8bbc-762f-98e7-d26b612bc2ea', '018a6e92-6e9b-797c-adc5-4e74b7627243', '01893ea5-8bba-7729-a8a4-0cf4f21209f0', '01893ea5-8bb8-7b7f-bb8d-dbc18b6ef5f1', '01893ea5-8bbc-7395-a507-c3841163d7bb', '01893ea5-8bb8-7c9e-a3bf-b59566eb2f60', '01893ea5-8bbc-70e7-848e-452940d46f46', '01893ea5-8bb9-7c1f-8759-87ce920f2744', '01893ea5-8bb9-7158-99a3-bdabbd762be9', '018a6da5-458d-7ea6-9adc-1c6ea427435e', '018a729e-f61c-762a-9a6c-0eab6157a1ee', '01893ea5-8bb8-727f-aeb3-a74dfc293288', '01893ea5-8bbc-74a7-a586-76354ff53858']
2023-10-28 00:27:37,083 [INFO] Check cuda is available or not:
2023-10-28 00:27:37,084 [INFO] Cuda is not available
2023-10-28 00:27:37,102 [INFO] previous track : ['018b52bf-a103-7dab-804f-820c9bee4e39', '018a6e92-6e9b-797c-adc5-4e74b7627243', '01893ea5-8bba-74b5-8b6c-50d2ca2193de', '01893ea5-8bba-7585-9c3e-1fd34370b307', '01893ea5-8bb8-722c-bafc-4940387ab462']
2023-10-28 00:27:37,104 [INFO] previous_item_id: [[119, 117, 76, 32, 21]]
2023-10-28 00:27:37,110 [INFO] Check cuda is available or not:
2023-10-28 00:27:37,110 [INFO] Cuda is not available
2023-10-28 00:27:37,527 [INFO] Result recommendation : ['01893ea5-8bb8-727f-aeb3-a74dfc293288', '01893ea5-8bba-724e-b28c-02ae46e68d5f', '01893ea5-8bbc-7c40-98f0-22951ee2d965']
2023-10-28 00:30:51,607 [INFO] Check cuda is available or not:
2023-10-28 00:30:51,610 [INFO] Cuda is not available
2023-10-28 00:30:51,623 [INFO] previous track : ['018b52bf-a103-7dab-804f-820c9bee4e39', '018a6e92-6e9b-797c-adc5-4e74b7627243', '01893ea5-8bba-74b5-8b6c-50d2ca2193de', '01893ea5-8bba-7585-9c3e-1fd34370b307', '01893ea5-8bb8-722c-bafc-4940387ab462']
2023-10-28 00:30:51,623 [INFO] previous_item_id: [[119, 117, 76, 32, 21]]
2023-10-28 00:30:51,626 [INFO] Check cuda is available or not:
2023-10-28 00:30:51,626 [INFO] Cuda is not available
2023-10-28 00:30:52,098 [INFO] softmax prob : tensor([[0.0114, 0.0095, 0.0074, 0.0071, 0.0058]])
2023-10-28 00:30:52,099 [INFO] Result recommendation : ['01893ea5-8bb8-727f-aeb3-a74dfc293288', '01893ea5-8bba-724e-b28c-02ae46e68d5f', '01893ea5-8bbc-7c40-98f0-22951ee2d965', '01893ea5-8bb8-7a51-8131-e97d7a36614a', '01893ea5-8bb9-7158-99a3-bdabbd762be9']
2023-10-28 11:37:39,217 [INFO] Check cuda is available or not:
2023-10-28 11:37:39,218 [INFO] Cuda is not available
2023-10-28 11:37:39,268 [INFO] previous track : ['01893ea5-8bb8-7079-b93b-edc7294c9d95']
2023-10-28 11:37:39,269 [INFO] previous_item_id: [[20]]
2023-10-28 11:37:39,271 [INFO] Check cuda is available or not:
2023-10-28 11:37:39,272 [INFO] Cuda is not available
2023-10-28 11:37:39,919 [INFO] softmax prob : tensor([[0.0041, 0.0030, 0.0028]])
2023-10-28 11:37:39,920 [INFO] Result recommendation : ['01893ea5-8bbb-75c4-a42b-8ff9d37b9948', '01893ea5-8bb8-7a51-8131-e97d7a36614a', '01893ea5-8bb8-7c94-87ad-1d6e5cbd425c']
-----------------------------2023-10-28 16:04:50,411 [INFO] Check cuda is available or not:
2023-10-28 16:04:50,412 [INFO] Cuda is not available
2023-10-28 16:04:50,470 [INFO] previous track : ['']
2023-10-28 16:09:46,109 [INFO] Check cuda is available or not:
2023-10-28 16:09:46,120 [INFO] Cuda is not available
2023-10-28 16:09:46,193 [INFO] previous track : ['']
2023-10-28 16:09:46,283 [INFO] exception in /recommendation API
2023-10-28 16:09:46,340 [INFO] Result recommendation : ['01893ea5-8bb9-7b83-bdd4-2ce5b00329fa', '01893ea5-8bbc-7501-9b39-412d245765d6', '01893ea5-8bba-731e-8d5c-8f89b9275279']
2023-10-28 16:09:51,169 [INFO] Check cuda is available or not:
2023-10-28 16:09:51,169 [INFO] Cuda is not available
2023-10-28 16:09:51,182 [INFO] previous track : ['string']
2023-10-28 16:09:51,183 [INFO] exception in /recommendation API
2023-10-28 16:09:51,184 [INFO] Result recommendation : ['01893ea5-8bbb-7f04-a8a8-32ff4d5cb83d', '01893ea5-8bb8-727f-aeb3-a74dfc293288', '01893ea5-8bba-7a5e-8585-259ac2c17203']
2023-10-28 16:09:52,059 [INFO] Check cuda is available or not:
2023-10-28 16:09:52,060 [INFO] Cuda is not available
2023-10-28 16:09:52,072 [INFO] previous track : ['string']
2023-10-28 16:09:52,072 [INFO] exception in /recommendation API
2023-10-28 16:09:52,073 [INFO] Result recommendation : ['01893ea5-8bb8-7b7f-bb8d-dbc18b6ef5f1', '01893ea5-8bbc-7ac0-b85c-30a4bb5f4d2e', '01893ea5-8bb8-7555-b589-1a06a1b00c9b']
2023-10-28 16:09:52,746 [INFO] Check cuda is available or not:
2023-10-28 16:09:52,747 [INFO] Cuda is not available
2023-10-28 16:09:52,758 [INFO] previous track : ['string']
2023-10-28 16:09:52,758 [INFO] exception in /recommendation API
2023-10-28 16:09:52,759 [INFO] Result recommendation : ['01893ea5-8bba-7049-8653-0a273c558832', '01893ea5-8bbc-714a-9b9a-56ed05c9d9d5', '01893ea5-8bbb-7831-8138-1c9b5543694d']
2023-10-28 16:12:04,009 [INFO] Check cuda is available or not:
2023-10-28 16:12:04,009 [INFO] Cuda is not available
2023-10-28 16:12:04,024 [INFO] previous track : ['']
2023-10-28 16:12:04,026 [INFO] exception in /recommendation API
2023-10-28 16:12:04,027 [INFO] Result recommendation : ['01893ea5-8bb8-7655-ad9b-3f662072c00b', '01893ea5-8bba-7585-9c3e-1fd34370b307', '01893ea5-8bb9-791c-a516-d4e5a84533a0']
